<?xml version="1.0" encoding="UTF-8"?>
<!-- Generated by org.testng.reporters.JUnitReportReporter -->
<testsuite hostname="napendra-PC" name="com.calltreepro.test.CallTreeProAddEndUserTest" tests="1" failures="0" timestamp="24 Mar 2014 13:36:37 GMT" time="645.667" errors="0">
  <testcase name="addEndUserTest" time="645.667" classname="com.calltreepro.test.CallTreeProAddEndUserTest"/>
</testsuite> <!-- com.calltreepro.test.CallTreeProAddEndUserTest -->
