<?xml version="1.0" encoding="UTF-8"?>
<!-- Generated by org.testng.reporters.JUnitReportReporter -->
<testsuite hostname="napendra-PC" name="com.calltreepro.signup.Signup" tests="2" failures="0" timestamp="16 Mar 2014 16:06:54 GMT" time="251.042" errors="0">
  <testcase name="testMonthlyFreemiumSignup" time="122.556" classname="com.calltreepro.signup.Signup"/>
  <testcase name="testMonthlyFreemiumSignup" time="128.486" classname="com.calltreepro.signup.Signup"/>
</testsuite> <!-- com.calltreepro.signup.Signup -->
